500
0
1
eji-a 1
1
2
a-b 2
ejj-b 2
2
1
b-c 2
3
2
c-d 1
ejj-d 1
4
1
d-e 2
5
2
e-f 1
ejj-f 1
6
1
f-g 1
7
2
g-h 1
ejj-h 2
8
1
h-i 1
9
2
i-j 2
ejj-j 2
10
1
j-ba 1
11
2
ba-bb 1
ejj-bb 2
12
1
bb-bc 2
13
2
bc-bd 2
ejj-bd 2
14
1
bd-be 1
15
2
be-bf 2
ejj-bf 1
16
1
bf-bg 2
17
2
bg-bh 2
ejj-bh 2
18
1
bh-bi 2
19
2
bi-bj 2
ejj-bj 2
20
1
bj-ca 1
21
2
ca-cb 2
ejj-cb 2
22
1
cb-cc 2
23
2
cc-cd 2
ejj-cd 2
24
1
cd-ce 1
25
2
ce-cf 1
ejj-cf 1
26
1
cf-cg 1
27
2
cg-ch 1
ejj-ch 1
28
1
ch-ci 2
29
2
ci-cj 1
ejj-cj 1
30
1
cj-da 2
31
2
da-db 1
ejj-db 1
32
1
db-dc 1
33
2
dc-dd 1
ejj-dd 1
34
1
dd-de 1
35
2
de-df 2
ejj-df 1
36
1
df-dg 2
37
2
dg-dh 1
ejj-dh 2
38
1
dh-di 1
39
2
di-dj 2
ejj-dj 1
40
1
dj-ea 2
41
2
ea-eb 2
ejj-eb 2
42
1
eb-ec 2
43
2
ec-ed 2
ejj-ed 1
44
1
ed-ee 1
45
2
ee-ef 2
ejj-ef 2
46
1
ef-eg 2
47
2
eg-eh 2
ejj-eh 2
48
1
eh-ei 1
49
2
ei-ej 1
ejj-ej 2
50
1
ej-fa 1
51
2
fa-fb 1
ejj-fb 1
52
1
fb-fc 2
53
2
fc-fd 2
ejj-fd 2
54
1
fd-fe 1
55
2
fe-ff 1
ejj-ff 2
56
1
ff-fg 1
57
2
fg-fh 1
ejj-fh 2
58
1
fh-fi 2
59
2
fi-fj 1
ejj-fj 2
60
1
fj-ga 2
61
2
ga-gb 1
ejj-gb 1
62
1
gb-gc 2
63
2
gc-gd 1
ejj-gd 2
64
1
gd-ge 2
65
2
ge-gf 2
ejj-gf 1
66
1
gf-gg 1
67
2
gg-gh 1
ejj-gh 1
68
1
gh-gi 2
69
2
gi-gj 1
ejj-gj 2
70
1
gj-ha 1
71
2
ha-hb 2
ejj-hb 2
72
1
hb-hc 1
73
2
hc-hd 1
ejj-hd 2
74
1
hd-he 1
75
2
he-hf 1
ejj-hf 2
76
1
hf-hg 1
77
2
hg-hh 2
ejj-hh 1
78
1
hh-hi 2
79
2
hi-hj 2
ejj-hj 2
80
1
hj-ia 2
81
2
ia-ib 1
ejj-ib 2
82
1
ib-ic 1
83
2
ic-id 2
ejj-id 1
84
1
id-ie 1
85
2
ie-if 2
ejj-if 1
86
1
if-ig 1
87
2
ig-ih 2
ejj-ih 1
88
1
ih-ii 1
89
2
ii-ij 2
ejj-ij 1
90
1
ij-ja 2
91
2
ja-jb 2
ejj-jb 1
92
1
jb-jc 2
93
2
jc-jd 2
ejj-jd 2
94
1
jd-je 2
95
2
je-jf 1
ejj-jf 1
96
1
jf-jg 1
97
2
jg-jh 2
ejj-jh 1
98
1
jh-ji 2
99
2
ji-jj 1
ejj-jj 1
100
1
jj-baa 2
101
2
baa-bab 1
ejj-bab 2
102
1
bab-bac 1
103
2
bac-bad 1
ejj-bad 2
104
1
bad-bae 2
105
2
bae-baf 1
ejj-baf 1
106
1
baf-bag 1
107
2
bag-bah 1
ejj-bah 1
108
1
bah-bai 1
109
2
bai-baj 2
ejj-baj 2
110
1
baj-bba 2
111
2
bba-bbb 2
ejj-bbb 2
112
1
bbb-bbc 1
113
2
bbc-bbd 1
ejj-bbd 1
114
1
bbd-bbe 1
115
2
bbe-bbf 2
ejj-bbf 2
116
1
bbf-bbg 1
117
2
bbg-bbh 1
ejj-bbh 1
118
1
bbh-bbi 2
119
2
bbi-bbj 2
ejj-bbj 2
120
1
bbj-bca 1
121
2
bca-bcb 2
ejj-bcb 1
122
1
bcb-bcc 2
123
2
bcc-bcd 1
ejj-bcd 2
124
1
bcd-bce 2
125
2
bce-bcf 1
ejj-bcf 1
126
1
bcf-bcg 1
127
2
bcg-bch 1
ejj-bch 2
128
1
bch-bci 1
129
2
bci-bcj 2
ejj-bcj 1
130
1
bcj-bda 1
131
2
bda-bdb 1
ejj-bdb 2
132
1
bdb-bdc 1
133
2
bdc-bdd 1
ejj-bdd 2
134
1
bdd-bde 2
135
2
bde-bdf 1
ejj-bdf 2
136
1
bdf-bdg 1
137
2
bdg-bdh 2
ejj-bdh 1
138
1
bdh-bdi 2
139
2
bdi-bdj 1
ejj-bdj 1
140
1
bdj-bea 2
141
2
bea-beb 2
ejj-beb 1
142
1
beb-bec 2
143
2
bec-bed 1
ejj-bed 1
144
1
bed-bee 1
145
2
bee-bef 1
ejj-bef 1
146
1
bef-beg 1
147
2
beg-beh 1
ejj-beh 2
148
1
beh-bei 1
149
2
bei-bej 1
ejj-bej 2
150
1
bej-bfa 2
151
2
bfa-bfb 1
ejj-bfb 2
152
1
bfb-bfc 1
153
2
bfc-bfd 2
ejj-bfd 2
154
1
bfd-bfe 2
155
2
bfe-bff 1
ejj-bff 2
156
1
bff-bfg 2
157
2
bfg-bfh 1
ejj-bfh 1
158
1
bfh-bfi 1
159
2
bfi-bfj 2
ejj-bfj 2
160
1
bfj-bga 2
161
2
bga-bgb 2
ejj-bgb 1
162
1
bgb-bgc 1
163
2
bgc-bgd 2
ejj-bgd 2
164
1
bgd-bge 2
165
2
bge-bgf 2
ejj-bgf 1
166
1
bgf-bgg 2
167
2
bgg-bgh 1
ejj-bgh 2
168
1
bgh-bgi 1
169
2
bgi-bgj 1
ejj-bgj 1
170
1
bgj-bha 2
171
2
bha-bhb 1
ejj-bhb 1
172
1
bhb-bhc 1
173
2
bhc-bhd 2
ejj-bhd 2
174
1
bhd-bhe 2
175
2
bhe-bhf 1
ejj-bhf 2
176
1
bhf-bhg 2
177
2
bhg-bhh 2
ejj-bhh 1
178
1
bhh-bhi 2
179
2
bhi-bhj 2
ejj-bhj 1
180
1
bhj-bia 1
181
2
bia-bib 1
ejj-bib 1
182
1
bib-bic 2
183
2
bic-bid 1
ejj-bid 1
184
1
bid-bie 2
185
2
bie-bif 2
ejj-bif 1
186
1
bif-big 2
187
2
big-bih 2
ejj-bih 1
188
1
bih-bii 2
189
2
bii-bij 1
ejj-bij 1
190
1
bij-bja 2
191
2
bja-bjb 2
ejj-bjb 2
192
1
bjb-bjc 1
193
2
bjc-bjd 1
ejj-bjd 2
194
1
bjd-bje 2
195
2
bje-bjf 1
ejj-bjf 2
196
1
bjf-bjg 1
197
2
bjg-bjh 2
ejj-bjh 2
198
1
bjh-bji 1
199
2
bji-bjj 1
ejj-bjj 2
200
1
bjj-caa 2
201
2
caa-cab 1
ejj-cab 2
202
1
cab-cac 1
203
2
cac-cad 1
ejj-cad 1
204
1
cad-cae 1
205
2
cae-caf 1
ejj-caf 1
206
1
caf-cag 1
207
2
cag-cah 1
ejj-cah 1
208
1
cah-cai 2
209
2
cai-caj 1
ejj-caj 2
210
1
caj-cba 1
211
2
cba-cbb 2
ejj-cbb 2
212
1
cbb-cbc 1
213
2
cbc-cbd 2
ejj-cbd 1
214
1
cbd-cbe 1
215
2
cbe-cbf 1
ejj-cbf 2
216
1
cbf-cbg 1
217
2
cbg-cbh 1
ejj-cbh 2
218
1
cbh-cbi 2
219
2
cbi-cbj 1
ejj-cbj 2
220
1
cbj-cca 1
221
2
cca-ccb 2
ejj-ccb 2
222
1
ccb-ccc 2
223
2
ccc-ccd 1
ejj-ccd 1
224
1
ccd-cce 1
225
2
cce-ccf 1
ejj-ccf 1
226
1
ccf-ccg 1
227
2
ccg-cch 1
ejj-cch 1
228
1
cch-cci 1
229
2
cci-ccj 1
ejj-ccj 2
230
1
ccj-cda 1
231
2
cda-cdb 1
ejj-cdb 1
232
1
cdb-cdc 2
233
2
cdc-cdd 2
ejj-cdd 2
234
1
cdd-cde 2
235
2
cde-cdf 2
ejj-cdf 2
236
1
cdf-cdg 1
237
2
cdg-cdh 2
ejj-cdh 1
238
1
cdh-cdi 1
239
2
cdi-cdj 1
ejj-cdj 1
240
1
cdj-cea 2
241
2
cea-ceb 2
ejj-ceb 2
242
1
ceb-cec 1
243
2
cec-ced 1
ejj-ced 2
244
1
ced-cee 1
245
2
cee-cef 2
ejj-cef 1
246
1
cef-ceg 2
247
2
ceg-ceh 1
ejj-ceh 1
248
1
ceh-cei 1
249
2
cei-cej 2
ejj-cej 1
250
1
cej-cfa 1
251
2
cfa-cfb 2
ejj-cfb 2
252
1
cfb-cfc 1
253
2
cfc-cfd 1
ejj-cfd 1
254
1
cfd-cfe 1
255
2
cfe-cff 1
ejj-cff 1
256
1
cff-cfg 1
257
2
cfg-cfh 2
ejj-cfh 1
258
1
cfh-cfi 1
259
2
cfi-cfj 1
ejj-cfj 2
260
1
cfj-cga 2
261
2
cga-cgb 1
ejj-cgb 2
262
1
cgb-cgc 2
263
2
cgc-cgd 1
ejj-cgd 1
264
1
cgd-cge 2
265
2
cge-cgf 2
ejj-cgf 2
266
1
cgf-cgg 1
267
2
cgg-cgh 1
ejj-cgh 2
268
1
cgh-cgi 1
269
2
cgi-cgj 1
ejj-cgj 1
270
1
cgj-cha 2
271
2
cha-chb 2
ejj-chb 1
272
1
chb-chc 2
273
2
chc-chd 2
ejj-chd 1
274
1
chd-che 2
275
2
che-chf 2
ejj-chf 1
276
1
chf-chg 2
277
2
chg-chh 1
ejj-chh 1
278
1
chh-chi 2
279
2
chi-chj 1
ejj-chj 1
280
1
chj-cia 1
281
2
cia-cib 2
ejj-cib 2
282
1
cib-cic 2
283
2
cic-cid 2
ejj-cid 2
284
1
cid-cie 1
285
2
cie-cif 2
ejj-cif 1
286
1
cif-cig 2
287
2
cig-cih 2
ejj-cih 2
288
1
cih-cii 2
289
2
cii-cij 1
ejj-cij 2
290
1
cij-cja 1
291
2
cja-cjb 1
ejj-cjb 1
292
1
cjb-cjc 2
293
2
cjc-cjd 2
ejj-cjd 2
294
1
cjd-cje 1
295
2
cje-cjf 2
ejj-cjf 1
296
1
cjf-cjg 1
297
2
cjg-cjh 2
ejj-cjh 2
298
1
cjh-cji 1
299
2
cji-cjj 2
ejj-cjj 1
300
1
cjj-daa 1
301
2
daa-dab 2
ejj-dab 1
302
1
dab-dac 1
303
2
dac-dad 1
ejj-dad 2
304
1
dad-dae 2
305
2
dae-daf 1
ejj-daf 2
306
1
daf-dag 1
307
2
dag-dah 1
ejj-dah 2
308
1
dah-dai 2
309
2
dai-daj 1
ejj-daj 2
310
1
daj-dba 2
311
2
dba-dbb 1
ejj-dbb 1
312
1
dbb-dbc 2
313
2
dbc-dbd 1
ejj-dbd 1
314
1
dbd-dbe 1
315
2
dbe-dbf 1
ejj-dbf 2
316
1
dbf-dbg 1
317
2
dbg-dbh 2
ejj-dbh 1
318
1
dbh-dbi 1
319
2
dbi-dbj 2
ejj-dbj 2
320
1
dbj-dca 1
321
2
dca-dcb 1
ejj-dcb 1
322
1
dcb-dcc 2
323
2
dcc-dcd 2
ejj-dcd 2
324
1
dcd-dce 2
325
2
dce-dcf 2
ejj-dcf 1
326
1
dcf-dcg 2
327
2
dcg-dch 2
ejj-dch 2
328
1
dch-dci 2
329
2
dci-dcj 1
ejj-dcj 2
330
1
dcj-dda 1
331
2
dda-ddb 1
ejj-ddb 2
332
1
ddb-ddc 2
333
2
ddc-ddd 2
ejj-ddd 2
334
1
ddd-dde 1
335
2
dde-ddf 1
ejj-ddf 1
336
1
ddf-ddg 1
337
2
ddg-ddh 1
ejj-ddh 1
338
1
ddh-ddi 2
339
2
ddi-ddj 2
ejj-ddj 2
340
1
ddj-dea 2
341
2
dea-deb 2
ejj-deb 1
342
1
deb-dec 2
343
2
dec-ded 2
ejj-ded 2
344
1
ded-dee 2
345
2
dee-def 1
ejj-def 2
346
1
def-deg 1
347
2
deg-deh 2
ejj-deh 2
348
1
deh-dei 1
349
2
dei-dej 2
ejj-dej 2
350
1
dej-dfa 2
351
2
dfa-dfb 1
ejj-dfb 1
352
1
dfb-dfc 1
353
2
dfc-dfd 2
ejj-dfd 2
354
1
dfd-dfe 1
355
2
dfe-dff 2
ejj-dff 2
356
1
dff-dfg 2
357
2
dfg-dfh 2
ejj-dfh 1
358
1
dfh-dfi 2
359
2
dfi-dfj 1
ejj-dfj 1
360
1
dfj-dga 1
361
2
dga-dgb 1
ejj-dgb 2
362
1
dgb-dgc 2
363
2
dgc-dgd 2
ejj-dgd 1
364
1
dgd-dge 2
365
2
dge-dgf 1
ejj-dgf 1
366
1
dgf-dgg 2
367
2
dgg-dgh 1
ejj-dgh 1
368
1
dgh-dgi 1
369
2
dgi-dgj 1
ejj-dgj 1
370
1
dgj-dha 1
371
2
dha-dhb 1
ejj-dhb 1
372
1
dhb-dhc 2
373
2
dhc-dhd 1
ejj-dhd 2
374
1
dhd-dhe 2
375
2
dhe-dhf 2
ejj-dhf 1
376
1
dhf-dhg 2
377
2
dhg-dhh 2
ejj-dhh 1
378
1
dhh-dhi 2
379
2
dhi-dhj 1
ejj-dhj 2
380
1
dhj-dia 2
381
2
dia-dib 1
ejj-dib 2
382
1
dib-dic 2
383
2
dic-did 1
ejj-did 1
384
1
did-die 2
385
2
die-dif 1
ejj-dif 1
386
1
dif-dig 1
387
2
dig-dih 2
ejj-dih 1
388
1
dih-dii 1
389
2
dii-dij 2
ejj-dij 1
390
1
dij-dja 2
391
2
dja-djb 1
ejj-djb 1
392
1
djb-djc 2
393
2
djc-djd 1
ejj-djd 2
394
1
djd-dje 2
395
2
dje-djf 1
ejj-djf 1
396
1
djf-djg 2
397
2
djg-djh 2
ejj-djh 2
398
1
djh-dji 1
399
2
dji-djj 2
ejj-djj 1
400
1
djj-eaa 1
401
2
eaa-eab 2
ejj-eab 2
402
1
eab-eac 1
403
2
eac-ead 2
ejj-ead 2
404
1
ead-eae 1
405
2
eae-eaf 1
ejj-eaf 2
406
1
eaf-eag 1
407
2
eag-eah 2
ejj-eah 2
408
1
eah-eai 1
409
2
eai-eaj 2
ejj-eaj 2
410
1
eaj-eba 1
411
2
eba-ebb 2
ejj-ebb 2
412
1
ebb-ebc 2
413
2
ebc-ebd 2
ejj-ebd 2
414
1
ebd-ebe 2
415
2
ebe-ebf 1
ejj-ebf 1
416
1
ebf-ebg 1
417
2
ebg-ebh 2
ejj-ebh 2
418
1
ebh-ebi 1
419
2
ebi-ebj 2
ejj-ebj 2
420
1
ebj-eca 1
421
2
eca-ecb 2
ejj-ecb 2
422
1
ecb-ecc 2
423
2
ecc-ecd 1
ejj-ecd 1
424
1
ecd-ece 2
425
2
ece-ecf 1
ejj-ecf 2
426
1
ecf-ecg 2
427
2
ecg-ech 2
ejj-ech 1
428
1
ech-eci 2
429
2
eci-ecj 1
ejj-ecj 1
430
1
ecj-eda 1
431
2
eda-edb 1
ejj-edb 1
432
1
edb-edc 2
433
2
edc-edd 2
ejj-edd 1
434
1
edd-ede 2
435
2
ede-edf 1
ejj-edf 1
436
1
edf-edg 2
437
2
edg-edh 1
ejj-edh 2
438
1
edh-edi 2
439
2
edi-edj 1
ejj-edj 1
440
1
edj-eea 1
441
2
eea-eeb 1
ejj-eeb 2
442
1
eeb-eec 1
443
2
eec-eed 1
ejj-eed 2
444
1
eed-eee 1
445
2
eee-eef 2
ejj-eef 1
446
1
eef-eeg 1
447
2
eeg-eeh 1
ejj-eeh 2
448
1
eeh-eei 2
449
2
eei-eej 2
ejj-eej 2
450
1
eej-efa 1
451
2
efa-efb 1
ejj-efb 2
452
1
efb-efc 2
453
2
efc-efd 1
ejj-efd 2
454
1
efd-efe 1
455
2
efe-eff 2
ejj-eff 2
456
1
eff-efg 1
457
2
efg-efh 2
ejj-efh 2
458
1
efh-efi 2
459
2
efi-efj 2
ejj-efj 2
460
1
efj-ega 2
461
2
ega-egb 2
ejj-egb 1
462
1
egb-egc 1
463
2
egc-egd 2
ejj-egd 1
464
1
egd-ege 1
465
2
ege-egf 1
ejj-egf 1
466
1
egf-egg 2
467
2
egg-egh 2
ejj-egh 1
468
1
egh-egi 1
469
2
egi-egj 2
ejj-egj 1
470
1
egj-eha 2
471
2
eha-ehb 1
ejj-ehb 2
472
1
ehb-ehc 1
473
2
ehc-ehd 2
ejj-ehd 2
474
1
ehd-ehe 1
475
2
ehe-ehf 1
ejj-ehf 1
476
1
ehf-ehg 1
477
2
ehg-ehh 2
ejj-ehh 2
478
1
ehh-ehi 2
479
2
ehi-ehj 2
ejj-ehj 1
480
1
ehj-eia 1
481
2
eia-eib 1
ejj-eib 1
482
1
eib-eic 1
483
2
eic-eid 1
ejj-eid 1
484
1
eid-eie 1
485
2
eie-eif 1
ejj-eif 2
486
1
eif-eig 1
487
2
eig-eih 1
ejj-eih 2
488
1
eih-eii 2
489
2
eii-eij 2
ejj-eij 2
490
1
eij-eja 1
491
2
eja-ejb 1
ejj-ejb 2
492
1
ejb-ejc 1
493
2
ejc-ejd 2
ejj-ejd 2
494
1
ejd-eje 2
495
2
eje-ejf 2
ejj-ejf 1
496
1
ejf-ejg 2
497
2
ejg-ejh 2
ejj-ejh 1
498
1
ejh-eji 2
499
250
a-ejj 1
c-ejj 2
e-ejj 1
g-ejj 2
i-ejj 1
ba-ejj 1
bc-ejj 1
be-ejj 1
bg-ejj 1
bi-ejj 2
ca-ejj 2
cc-ejj 1
ce-ejj 2
cg-ejj 1
ci-ejj 1
da-ejj 2
dc-ejj 2
de-ejj 2
dg-ejj 2
di-ejj 1
ea-ejj 2
ec-ejj 1
ee-ejj 1
eg-ejj 1
ei-ejj 1
fa-ejj 2
fc-ejj 1
fe-ejj 1
fg-ejj 2
fi-ejj 1
ga-ejj 1
gc-ejj 1
ge-ejj 2
gg-ejj 1
gi-ejj 2
ha-ejj 1
hc-ejj 1
he-ejj 1
hg-ejj 2
hi-ejj 1
ia-ejj 1
ic-ejj 2
ie-ejj 1
ig-ejj 2
ii-ejj 1
ja-ejj 2
jc-ejj 2
je-ejj 2
jg-ejj 1
ji-ejj 1
baa-ejj 1
bac-ejj 2
bae-ejj 2
bag-ejj 2
bai-ejj 2
bba-ejj 2
bbc-ejj 2
bbe-ejj 2
bbg-ejj 2
bbi-ejj 2
bca-ejj 2
bcc-ejj 2
bce-ejj 2
bcg-ejj 1
bci-ejj 1
bda-ejj 2
bdc-ejj 2
bde-ejj 2
bdg-ejj 2
bdi-ejj 2
bea-ejj 1
bec-ejj 2
bee-ejj 1
beg-ejj 2
bei-ejj 1
bfa-ejj 1
bfc-ejj 2
bfe-ejj 2
bfg-ejj 1
bfi-ejj 2
bga-ejj 1
bgc-ejj 2
bge-ejj 1
bgg-ejj 2
bgi-ejj 1
bha-ejj 2
bhc-ejj 1
bhe-ejj 2
bhg-ejj 2
bhi-ejj 2
bia-ejj 2
bic-ejj 2
bie-ejj 1
big-ejj 1
bii-ejj 2
bja-ejj 2
bjc-ejj 2
bje-ejj 2
bjg-ejj 1
bji-ejj 2
caa-ejj 1
cac-ejj 1
cae-ejj 2
cag-ejj 2
cai-ejj 1
cba-ejj 1
cbc-ejj 1
cbe-ejj 2
cbg-ejj 1
cbi-ejj 2
cca-ejj 1
ccc-ejj 1
cce-ejj 1
ccg-ejj 1
cci-ejj 1
cda-ejj 1
cdc-ejj 1
cde-ejj 2
cdg-ejj 2
cdi-ejj 1
cea-ejj 1
cec-ejj 2
cee-ejj 2
ceg-ejj 2
cei-ejj 1
cfa-ejj 2
cfc-ejj 1
cfe-ejj 1
cfg-ejj 1
cfi-ejj 2
cga-ejj 1
cgc-ejj 1
cge-ejj 1
cgg-ejj 1
cgi-ejj 2
cha-ejj 1
chc-ejj 2
che-ejj 2
chg-ejj 2
chi-ejj 2
cia-ejj 1
cic-ejj 2
cie-ejj 1
cig-ejj 2
cii-ejj 2
cja-ejj 2
cjc-ejj 1
cje-ejj 1
cjg-ejj 1
cji-ejj 1
daa-ejj 2
dac-ejj 2
dae-ejj 1
dag-ejj 1
dai-ejj 2
dba-ejj 1
dbc-ejj 1
dbe-ejj 2
dbg-ejj 2
dbi-ejj 1
dca-ejj 2
dcc-ejj 1
dce-ejj 1
dcg-ejj 2
dci-ejj 2
dda-ejj 2
ddc-ejj 2
dde-ejj 2
ddg-ejj 2
ddi-ejj 1
dea-ejj 2
dec-ejj 1
dee-ejj 2
deg-ejj 2
dei-ejj 2
dfa-ejj 2
dfc-ejj 1
dfe-ejj 2
dfg-ejj 1
dfi-ejj 2
dga-ejj 1
dgc-ejj 1
dge-ejj 2
dgg-ejj 1
dgi-ejj 1
dha-ejj 2
dhc-ejj 2
dhe-ejj 2
dhg-ejj 1
dhi-ejj 2
dia-ejj 2
dic-ejj 1
die-ejj 2
dig-ejj 2
dii-ejj 1
dja-ejj 2
djc-ejj 1
dje-ejj 1
djg-ejj 2
dji-ejj 1
eaa-ejj 2
eac-ejj 2
eae-ejj 2
eag-ejj 2
eai-ejj 1
eba-ejj 1
ebc-ejj 1
ebe-ejj 2
ebg-ejj 2
ebi-ejj 2
eca-ejj 2
ecc-ejj 1
ece-ejj 2
ecg-ejj 1
eci-ejj 2
eda-ejj 2
edc-ejj 2
ede-ejj 2
edg-ejj 1
edi-ejj 2
eea-ejj 2
eec-ejj 2
eee-ejj 2
eeg-ejj 1
eei-ejj 2
efa-ejj 2
efc-ejj 2
efe-ejj 1
efg-ejj 2
efi-ejj 1
ega-ejj 2
egc-ejj 2
ege-ejj 2
egg-ejj 1
egi-ejj 2
eha-ejj 2
ehc-ejj 1
ehe-ejj 1
ehg-ejj 1
ehi-ejj 2
eia-ejj 1
eic-ejj 1
eie-ejj 1
eig-ejj 2
eii-ejj 2
eja-ejj 2
ejc-ejj 2
eje-ejj 2
ejg-ejj 1
eji-ejj 2
